<?xml version="1.0" encoding="UTF-8" ?>
<testsuite tests="15" failures="0" name="TestSuite" time="0.175" errors="0" skipped="0">
  <properties>
[...]
</properties>
  <testcase classname="ArticleManagerTest" name="insert_correctArticle_ReturnsTrue" time="0.173"/>
  <testcase classname="InsightsTest" name="findArticlesByDescription_getsJustDescription_returnsCorrectList" time="0"/>
  <testcase classname="InsightsTest" name="findArticlesByDescription_getsNonexistantDescription_returnsNull" time="0.001"/>
  <testcase classname="InsightsTest" name="findArticlesByDescription_getsNonexistantPhrasePriceAndOrder_TestingAllOrders_returnsNull" time="0"/>
  <testcase classname="InsightsTest" name="findArticlesByDescription_getsNonexistantSearchPhraseAndMaxReservePrice_returnsNull" time="0"/>
  <testcase classname="InsightsTest" name="findArticlesByDescription_getsPhrasePriceAndOrder_TestingAllOrders_returnsCorrectLists" time="0"/>
  <testcase classname="InsightsTest" name="findArticlesByDescription_getsSearchPhraseAndMaxReservePrice_returnsCorrectList" time="0"/>
  <testcase classname="InsightsTest" name="getArticlePrice_ArticleDoesNotExist_ThrowsArticleNotFoundException" time="0"/>
  <testcase classname="InsightsTest" name="getArticlePrice_AuctionEnded_ReturnsHighestHammerPrice" time="0"/>
  <testcase classname="InsightsTest" name="getArticlePrice_AuctionOverArticleNotSold_ReturnsNull" time="0"/>
  <testcase classname="InsightsTest" name="getArticlePrice_AuctionRunning_ReturnsHighestBid" time="0"/>
  <testcase classname="InsightsTest" name="getTopArticles_CountInValid_ReturnsEmptyList" time="0"/>
  <testcase classname="InsightsTest" name="getTopArticles_CountValid_ReturnsCountNumberOfTopArticles" time="0"/>
  <testcase classname="InsightsTest" name="getTopSellers_CountInValid_ReturnsEmptyList" time="0.001"/>
  <testcase classname="InsightsTest" name="getTopSellers_CountValid_ReturnsCountNumberOfTopSellers" time="0"/>
</testsuite>